<testsuite errors="1" failures="0" name="Django Project Tests" skips="0" tests="24" time="6.299"><testcase classname="blogengine.tests.PostTest" name="test_create_category" time="0.003937" /><testcase classname="blogengine.tests.PostTest" name="test_create_post" time="0.031575" /><testcase classname="blogengine.tests.PostTest" name="test_create_tag" time="0.002739" /><testcase classname="blogengine.tests.AdminTest" name="test_create_category" time="0.311082" /><testcase classname="blogengine.tests.AdminTest" name="test_create_post" time="0.316278" /><testcase classname="blogengine.tests.AdminTest" name="test_create_post_without_tag" time="0.281545" /><testcase classname="blogengine.tests.AdminTest" name="test_create_tag" time="0.245030" /><testcase classname="blogengine.tests.AdminTest" name="test_delete_category" time="0.190072" /><testcase classname="blogengine.tests.AdminTest" name="test_delete_post" time="0.203926" /><testcase classname="blogengine.tests.AdminTest" name="test_delete_tag" time="0.192796" /><testcase classname="blogengine.tests.AdminTest" name="test_edit_category" time="0.195552" /><testcase classname="blogengine.tests.AdminTest" name="test_edit_post" time="0.229909" /><testcase classname="blogengine.tests.AdminTest" name="test_edit_tag" time="0.194064" /><testcase classname="blogengine.tests.AdminTest" name="test_login" time="0.200080" /><testcase classname="blogengine.tests.AdminTest" name="test_logout" time="0.200052" /><testcase classname="blogengine.tests.FeedTest" name="test_all_post_feed" time="0.088342" /><testcase classname="blogengine.tests.FlatPageViewTest" name="test_create_flat_page" time="0.029833" /><testcase classname="blogengine.tests.PostViewTest" name="test_category_page" time="0.040690" /><testcase classname="blogengine.tests.PostViewTest" name="test_clear_cache" time="0.136512"><error message="UNIQUE constraint failed: blogengine_post.slug" type="django.db.utils.IntegrityError">Traceback (most recent call last):
  File "/home/petarp/Documents/Projects/django_tutor_blog_ng/venv/django_tutorial_blog_ng/blogengine/tests.py", line 569, in test_clear_cache
    post.save()
  File "/home/petarp/Documents/Projects/django_tutor_blog_ng/venv/local/lib/python2.7/site-packages/django/db/models/base.py", line 545, in save
    force_update=force_update, update_fields=update_fields)
  File "/home/petarp/Documents/Projects/django_tutor_blog_ng/venv/local/lib/python2.7/site-packages/django/db/models/base.py", line 573, in save_base
    updated = self._save_table(raw, cls, force_insert, force_update, using, update_fields)
  File "/home/petarp/Documents/Projects/django_tutor_blog_ng/venv/local/lib/python2.7/site-packages/django/db/models/base.py", line 654, in _save_table
    result = self._do_insert(cls._base_manager, using, fields, update_pk, raw)
  File "/home/petarp/Documents/Projects/django_tutor_blog_ng/venv/local/lib/python2.7/site-packages/django/db/models/base.py", line 687, in _do_insert
    using=using, raw=raw)
  File "/home/petarp/Documents/Projects/django_tutor_blog_ng/venv/local/lib/python2.7/site-packages/django/db/models/manager.py", line 232, in _insert
    return insert_query(self.model, objs, fields, **kwargs)
  File "/home/petarp/Documents/Projects/django_tutor_blog_ng/venv/local/lib/python2.7/site-packages/django/db/models/query.py", line 1514, in insert_query
    return query.get_compiler(using=using).execute_sql(return_id)
  File "/home/petarp/Documents/Projects/django_tutor_blog_ng/venv/local/lib/python2.7/site-packages/django/db/models/sql/compiler.py", line 903, in execute_sql
    cursor.execute(sql, params)
  File "/home/petarp/Documents/Projects/django_tutor_blog_ng/venv/local/lib/python2.7/site-packages/django/db/backends/util.py", line 53, in execute
    return self.cursor.execute(sql, params)
  File "/home/petarp/Documents/Projects/django_tutor_blog_ng/venv/local/lib/python2.7/site-packages/django/db/utils.py", line 99, in __exit__
    six.reraise(dj_exc_type, dj_exc_value, traceback)
  File "/home/petarp/Documents/Projects/django_tutor_blog_ng/venv/local/lib/python2.7/site-packages/django/db/backends/util.py", line 53, in execute
    return self.cursor.execute(sql, params)
  File "/home/petarp/Documents/Projects/django_tutor_blog_ng/venv/local/lib/python2.7/site-packages/django/db/backends/sqlite3/base.py", line 452, in execute
    return Database.Cursor.execute(self, query, params)
IntegrityError: UNIQUE constraint failed: blogengine_post.slug
</error></testcase><testcase classname="blogengine.tests.PostViewTest" name="test_index" time="0.043747" /><testcase classname="blogengine.tests.PostViewTest" name="test_nonexistenet_category_page" time="0.017889" /><testcase classname="blogengine.tests.PostViewTest" name="test_nonexistent_tag_page" time="0.017638" /><testcase classname="blogengine.tests.PostViewTest" name="test_post_page" time="0.043032" /><testcase classname="blogengine.tests.PostViewTest" name="test_tag_page" time="0.045744" /></testsuite>